0 info it worked if it ends with ok
1 verbose cli [ '/usr/local/bin/node',
1 verbose cli   '/usr/local/bin/npm',
1 verbose cli   'install',
1 verbose cli   'hogan',
1 verbose cli   '--save' ]
2 info using npm@2.15.8
3 info using node@v4.4.7
4 verbose install initial load of /Users/yk/Desktop/Projects/E-commerce-fe/package.json
5 verbose installManyTop reading scoped package data from /Users/yk/Desktop/Projects/E-commerce-fe/node_modules/css-loader/package.json
6 verbose installManyTop reading scoped package data from /Users/yk/Desktop/Projects/E-commerce-fe/node_modules/extract-text-webpack-plugin/package.json
7 verbose installManyTop reading scoped package data from /Users/yk/Desktop/Projects/E-commerce-fe/node_modules/file-loader/package.json
8 verbose installManyTop reading scoped package data from /Users/yk/Desktop/Projects/E-commerce-fe/node_modules/html-loader/package.json
9 verbose installManyTop reading scoped package data from /Users/yk/Desktop/Projects/E-commerce-fe/node_modules/html-webpack-plugin/package.json
10 verbose installManyTop reading scoped package data from /Users/yk/Desktop/Projects/E-commerce-fe/node_modules/style-loader/package.json
11 verbose installManyTop reading scoped package data from /Users/yk/Desktop/Projects/E-commerce-fe/node_modules/url-loader/package.json
12 verbose installManyTop reading scoped package data from /Users/yk/Desktop/Projects/E-commerce-fe/node_modules/webpack/package.json
13 verbose installManyTop reading scoped package data from /Users/yk/Desktop/Projects/E-commerce-fe/node_modules/webpack-dev-server/package.json
14 verbose readDependencies loading dependencies from /Users/yk/Desktop/Projects/E-commerce-fe/package.json
15 silly cache add args [ 'hogan', null ]
16 verbose cache add spec hogan
17 silly cache add parsed spec Result {
17 silly cache add   raw: 'hogan',
17 silly cache add   scope: null,
17 silly cache add   name: 'hogan',
17 silly cache add   rawSpec: '',
17 silly cache add   spec: 'latest',
17 silly cache add   type: 'tag' }
18 silly addNamed hogan@latest
19 verbose addNamed "latest" is being treated as a dist-tag for hogan
20 info addNameTag [ 'hogan', 'latest' ]
21 silly mapToRegistry name hogan
22 silly mapToRegistry using default registry
23 silly mapToRegistry registry https://registry.npmjs.org/
24 silly mapToRegistry data Result {
24 silly mapToRegistry   raw: 'hogan',
24 silly mapToRegistry   scope: null,
24 silly mapToRegistry   name: 'hogan',
24 silly mapToRegistry   rawSpec: '',
24 silly mapToRegistry   spec: 'latest',
24 silly mapToRegistry   type: 'tag' }
25 silly mapToRegistry uri https://registry.npmjs.org/hogan
26 verbose addNameTag registry:https://registry.npmjs.org/hogan not in flight; fetching
27 verbose request uri https://registry.npmjs.org/hogan
28 verbose request no auth needed
29 info attempt registry request try #1 at 3:41:01 PM
30 verbose request id f1383f5859214bd2
31 http request GET https://registry.npmjs.org/hogan
32 http 200 https://registry.npmjs.org/hogan
33 verbose headers { 'content-type': 'application/json; charset=UTF-8',
33 verbose headers   server: 'UploadServer',
33 verbose headers   'cache-control': 'max-age=300',
33 verbose headers   'last-modified': 'Sun, 20 Jul 2014 11:50:34 GMT',
33 verbose headers   etag: '"53cbad0a-e47"',
33 verbose headers   'content-encoding': 'gzip',
33 verbose headers   'content-length': '926',
33 verbose headers   'accept-ranges': 'bytes',
33 verbose headers   date: 'Wed, 31 Jan 2018 23:41:01 GMT',
33 verbose headers   via: '1.1 varnish',
33 verbose headers   age: '0',
33 verbose headers   connection: 'keep-alive',
33 verbose headers   'x-served-by': 'cache-lax8623-LAX',
33 verbose headers   'x-cache': 'MISS',
33 verbose headers   'x-cache-hits': '0',
33 verbose headers   'x-timer': 'S1517442061.494246,VS0,VE162',
33 verbose headers   vary: 'Accept-Encoding, Accept' }
34 silly get cb [ 200,
34 silly get   { 'content-type': 'application/json; charset=UTF-8',
34 silly get     server: 'UploadServer',
34 silly get     'cache-control': 'max-age=300',
34 silly get     'last-modified': 'Sun, 20 Jul 2014 11:50:34 GMT',
34 silly get     etag: '"53cbad0a-e47"',
34 silly get     'content-encoding': 'gzip',
34 silly get     'content-length': '926',
34 silly get     'accept-ranges': 'bytes',
34 silly get     date: 'Wed, 31 Jan 2018 23:41:01 GMT',
34 silly get     via: '1.1 varnish',
34 silly get     age: '0',
34 silly get     connection: 'keep-alive',
34 silly get     'x-served-by': 'cache-lax8623-LAX',
34 silly get     'x-cache': 'MISS',
34 silly get     'x-cache-hits': '0',
34 silly get     'x-timer': 'S1517442061.494246,VS0,VE162',
34 silly get     vary: 'Accept-Encoding, Accept' } ]
35 verbose get saving hogan to /Users/yk/.npm/registry.npmjs.org/hogan/.cache.json
36 verbose correctMkdir /Users/yk/.npm correctMkdir not in flight; initializing
37 silly addNameTag next cb for hogan with tag latest
38 silly addNamed hogan@1.0.2
39 verbose addNamed "1.0.2" is a plain semver version for hogan
40 silly mapToRegistry name hogan
41 silly mapToRegistry using default registry
42 silly mapToRegistry registry https://registry.npmjs.org/
43 silly mapToRegistry data Result {
43 silly mapToRegistry   raw: 'hogan',
43 silly mapToRegistry   scope: null,
43 silly mapToRegistry   name: 'hogan',
43 silly mapToRegistry   rawSpec: '',
43 silly mapToRegistry   spec: 'latest',
43 silly mapToRegistry   type: 'tag' }
44 silly mapToRegistry uri https://registry.npmjs.org/hogan
45 verbose addRemoteTarball https://registry.npmjs.org/hogan/-/hogan-1.0.2.tgz not in flight; adding
46 verbose addRemoteTarball [ 'https://registry.npmjs.org/hogan/-/hogan-1.0.2.tgz',
46 verbose addRemoteTarball   'd8d5e57fae0e7787b3e01e14256f9d588a23d1f0' ]
47 info retry fetch attempt 1 at 3:41:01 PM
48 info attempt registry request try #1 at 3:41:01 PM
49 http fetch GET https://registry.npmjs.org/hogan/-/hogan-1.0.2.tgz
50 http fetch 200 https://registry.npmjs.org/hogan/-/hogan-1.0.2.tgz
51 silly fetchAndShaCheck shasum d8d5e57fae0e7787b3e01e14256f9d588a23d1f0
52 verbose addTmpTarball /var/folders/f8/0k6qfsdx0y703nh1b81brl6w0000gn/T/npm-7788-0194df88/registry.npmjs.org/hogan/-/hogan-1.0.2.tgz not in flight; adding
53 verbose addTmpTarball already have metadata; skipping unpack for hogan@1.0.2
54 verbose correctMkdir /Users/yk/.npm correctMkdir not in flight; initializing
55 silly cache afterAdd hogan@1.0.2
56 verbose afterAdd /Users/yk/.npm/hogan/1.0.2/package/package.json not in flight; writing
57 verbose correctMkdir /Users/yk/.npm correctMkdir not in flight; initializing
58 verbose afterAdd /Users/yk/.npm/hogan/1.0.2/package/package.json written
59 silly install resolved [ { name: 'hogan',
59 silly install resolved     version: '1.0.2',
59 silly install resolved     repository: { type: 'git', url: 'git://github.com/bmullan91/hogan.git' },
59 silly install resolved     description: 'hogan === hogan.js',
59 silly install resolved     main: './node_modules/hogan.js/lib/hogan.js',
59 silly install resolved     scripts: { test: 'echo "Error: no test specified" && exit 1' },
59 silly install resolved     keywords: [ 'hogan', 'hogan.js' ],
59 silly install resolved     author: { name: 'Brian Mullan', email: 'bmullan91@gmail.com' },
59 silly install resolved     license: 'MIT',
59 silly install resolved     dependencies: { 'hogan.js': '*' },
59 silly install resolved     bugs: { url: 'https://github.com/bmullan91/hogan/issues' },
59 silly install resolved     homepage: 'https://github.com/bmullan91/hogan',
59 silly install resolved     _id: 'hogan@1.0.2',
59 silly install resolved     dist:
59 silly install resolved      { shasum: 'd8d5e57fae0e7787b3e01e14256f9d588a23d1f0',
59 silly install resolved        tarball: 'https://registry.npmjs.org/hogan/-/hogan-1.0.2.tgz' },
59 silly install resolved     _from: 'hogan@latest',
59 silly install resolved     _npmVersion: '1.3.21',
59 silly install resolved     _npmUser: { name: 'bmullan91', email: 'bmullan91@gmail.com' },
59 silly install resolved     maintainers: [ [Object] ],
59 silly install resolved     directories: {},
59 silly install resolved     _shasum: 'd8d5e57fae0e7787b3e01e14256f9d588a23d1f0',
59 silly install resolved     _resolved: 'https://registry.npmjs.org/hogan/-/hogan-1.0.2.tgz' } ]
60 info install hogan@1.0.2 into /Users/yk/Desktop/Projects/E-commerce-fe
61 info installOne hogan@1.0.2
62 verbose installOne of hogan to /Users/yk/Desktop/Projects/E-commerce-fe not in flight; installing
63 verbose correctMkdir /Users/yk/.npm/_locks correctMkdir not in flight; initializing
64 verbose lock using /Users/yk/.npm/_locks/hogan-1c927a3b63d25011.lock for /Users/yk/Desktop/Projects/E-commerce-fe/node_modules/hogan
65 silly install write writing hogan 1.0.2 to /Users/yk/Desktop/Projects/E-commerce-fe/node_modules/hogan
66 verbose unbuild node_modules/hogan
67 silly gentlyRm /Users/yk/Desktop/Projects/E-commerce-fe/node_modules/hogan is being purged from base /Users/yk/Desktop/Projects/E-commerce-fe
68 verbose gentlyRm don't care about contents; nuking /Users/yk/Desktop/Projects/E-commerce-fe/node_modules/hogan
69 verbose tar unpack /Users/yk/.npm/hogan/1.0.2/package.tgz
70 verbose tar unpacking to /Users/yk/Desktop/Projects/E-commerce-fe/node_modules/hogan
71 silly gentlyRm /Users/yk/Desktop/Projects/E-commerce-fe/node_modules/hogan is being purged
72 verbose gentlyRm don't care about contents; nuking /Users/yk/Desktop/Projects/E-commerce-fe/node_modules/hogan
73 silly gunzTarPerm modes [ '755', '644' ]
74 silly gunzTarPerm extractEntry package.json
75 silly gunzTarPerm extractEntry .npmignore
76 silly gunzTarPerm extractEntry README.md
77 verbose write writing to /Users/yk/Desktop/Projects/E-commerce-fe/node_modules/hogan/package.json
78 info preinstall hogan@1.0.2
79 verbose readDependencies loading dependencies from /Users/yk/Desktop/Projects/E-commerce-fe/node_modules/hogan/package.json
80 silly prepareForInstallMany adding hogan.js@* from hogan dependencies
81 verbose readDependencies loading dependencies from /Users/yk/Desktop/Projects/E-commerce-fe/node_modules/hogan/package.json
82 silly cache add args [ 'hogan.js@*', null ]
83 verbose cache add spec hogan.js@*
84 silly cache add parsed spec Result {
84 silly cache add   raw: 'hogan.js@*',
84 silly cache add   scope: null,
84 silly cache add   name: 'hogan.js',
84 silly cache add   rawSpec: '*',
84 silly cache add   spec: '*',
84 silly cache add   type: 'range' }
85 silly addNamed hogan.js@*
86 verbose addNamed "*" is a valid semver range for hogan.js
87 silly addNameRange { name: 'hogan.js', range: '*', hasData: false }
88 silly mapToRegistry name hogan.js
89 silly mapToRegistry using default registry
90 silly mapToRegistry registry https://registry.npmjs.org/
91 silly mapToRegistry data Result {
91 silly mapToRegistry   raw: 'hogan.js',
91 silly mapToRegistry   scope: null,
91 silly mapToRegistry   name: 'hogan.js',
91 silly mapToRegistry   rawSpec: '',
91 silly mapToRegistry   spec: 'latest',
91 silly mapToRegistry   type: 'tag' }
92 silly mapToRegistry uri https://registry.npmjs.org/hogan.js
93 verbose addNameRange registry:https://registry.npmjs.org/hogan.js not in flight; fetching
94 verbose request uri https://registry.npmjs.org/hogan.js
95 verbose request no auth needed
96 info attempt registry request try #1 at 3:41:02 PM
97 http request GET https://registry.npmjs.org/hogan.js
98 http 200 https://registry.npmjs.org/hogan.js
99 verbose headers { 'content-type': 'application/json; charset=UTF-8',
99 verbose headers   server: 'UploadServer',
99 verbose headers   'cache-control': 'max-age=300',
99 verbose headers   'last-modified': 'Sun, 31 Dec 2017 7:48:14 GMT',
99 verbose headers   etag: '"5a48963e-2f97"',
99 verbose headers   'content-encoding': 'gzip',
99 verbose headers   'content-length': '3326',
99 verbose headers   'accept-ranges': 'bytes',
99 verbose headers   date: 'Wed, 31 Jan 2018 23:41:02 GMT',
99 verbose headers   via: '1.1 varnish',
99 verbose headers   age: '0',
99 verbose headers   connection: 'keep-alive',
99 verbose headers   'x-served-by': 'cache-lax8623-LAX',
99 verbose headers   'x-cache': 'HIT',
99 verbose headers   'x-cache-hits': '1',
99 verbose headers   'x-timer': 'S1517442062.221126,VS0,VE94',
99 verbose headers   vary: 'Accept-Encoding, Accept' }
100 silly get cb [ 200,
100 silly get   { 'content-type': 'application/json; charset=UTF-8',
100 silly get     server: 'UploadServer',
100 silly get     'cache-control': 'max-age=300',
100 silly get     'last-modified': 'Sun, 31 Dec 2017 7:48:14 GMT',
100 silly get     etag: '"5a48963e-2f97"',
100 silly get     'content-encoding': 'gzip',
100 silly get     'content-length': '3326',
100 silly get     'accept-ranges': 'bytes',
100 silly get     date: 'Wed, 31 Jan 2018 23:41:02 GMT',
100 silly get     via: '1.1 varnish',
100 silly get     age: '0',
100 silly get     connection: 'keep-alive',
100 silly get     'x-served-by': 'cache-lax8623-LAX',
100 silly get     'x-cache': 'HIT',
100 silly get     'x-cache-hits': '1',
100 silly get     'x-timer': 'S1517442062.221126,VS0,VE94',
100 silly get     vary: 'Accept-Encoding, Accept' } ]
101 verbose get saving hogan.js to /Users/yk/.npm/registry.npmjs.org/hogan.js/.cache.json
102 verbose correctMkdir /Users/yk/.npm correctMkdir not in flight; initializing
103 silly addNameRange number 2 { name: 'hogan.js', range: '*', hasData: true }
104 silly addNameRange versions [ 'hogan.js',
104 silly addNameRange   [ '1.0.0',
104 silly addNameRange     '1.0.2',
104 silly addNameRange     '1.0.4-dev',
104 silly addNameRange     '1.0.5-dev',
104 silly addNameRange     '2.0.0',
104 silly addNameRange     '3.0.1',
104 silly addNameRange     '3.0.2' ] ]
105 silly addNamed hogan.js@3.0.2
106 verbose addNamed "3.0.2" is a plain semver version for hogan.js
107 silly mapToRegistry name hogan.js
108 silly mapToRegistry using default registry
109 silly mapToRegistry registry https://registry.npmjs.org/
110 silly mapToRegistry data Result {
110 silly mapToRegistry   raw: 'hogan.js',
110 silly mapToRegistry   scope: null,
110 silly mapToRegistry   name: 'hogan.js',
110 silly mapToRegistry   rawSpec: '',
110 silly mapToRegistry   spec: 'latest',
110 silly mapToRegistry   type: 'tag' }
111 silly mapToRegistry uri https://registry.npmjs.org/hogan.js
112 verbose addRemoteTarball https://registry.npmjs.org/hogan.js/-/hogan.js-3.0.2.tgz not in flight; adding
113 verbose addRemoteTarball [ 'https://registry.npmjs.org/hogan.js/-/hogan.js-3.0.2.tgz',
113 verbose addRemoteTarball   '4cd9e1abd4294146e7679e41d7898732b02c7bfd' ]
114 info retry fetch attempt 1 at 3:41:02 PM
115 info attempt registry request try #1 at 3:41:02 PM
116 http fetch GET https://registry.npmjs.org/hogan.js/-/hogan.js-3.0.2.tgz
117 http fetch 200 https://registry.npmjs.org/hogan.js/-/hogan.js-3.0.2.tgz
118 silly fetchAndShaCheck shasum 4cd9e1abd4294146e7679e41d7898732b02c7bfd
119 verbose addTmpTarball /var/folders/f8/0k6qfsdx0y703nh1b81brl6w0000gn/T/npm-7788-0194df88/registry.npmjs.org/hogan.js/-/hogan.js-3.0.2.tgz not in flight; adding
120 verbose addTmpTarball already have metadata; skipping unpack for hogan.js@3.0.2
121 verbose correctMkdir /Users/yk/.npm correctMkdir not in flight; initializing
122 silly cache afterAdd hogan.js@3.0.2
123 verbose afterAdd /Users/yk/.npm/hogan.js/3.0.2/package/package.json not in flight; writing
124 verbose correctMkdir /Users/yk/.npm correctMkdir not in flight; initializing
125 verbose afterAdd /Users/yk/.npm/hogan.js/3.0.2/package/package.json written
126 silly install resolved [ { name: 'hogan.js',
126 silly install resolved     description: 'A mustache compiler.',
126 silly install resolved     version: '3.0.2',
126 silly install resolved     keywords: [ 'mustache', 'template' ],
126 silly install resolved     main: './lib/hogan.js',
126 silly install resolved     homepage: 'http://twitter.github.com/hogan.js/',
126 silly install resolved     author: { name: 'Twitter Inc.' },
126 silly install resolved     repository: { type: 'git', url: 'https://github.com/twitter/hogan.js.git' },
126 silly install resolved     licenses: [ [Object] ],
126 silly install resolved     dependencies: { nopt: '1.0.10', mkdirp: '0.3.0' },
126 silly install resolved     devDependencies:
126 silly install resolved      { 'uglify-js': '2.x',
126 silly install resolved        jsdom: '0.3.4',
126 silly install resolved        step: '0.0.5',
126 silly install resolved        rimraf: '2.0.1' },
126 silly install resolved     bin: { hulk: './bin/hulk' },
126 silly install resolved     gitHead: 'c52d142643e764e3f82e8ad3f2d44a46b82d1640',
126 silly install resolved     bugs: { url: 'https://github.com/twitter/hogan.js/issues' },
126 silly install resolved     _id: 'hogan.js@3.0.2',
126 silly install resolved     scripts: {},
126 silly install resolved     _shasum: '4cd9e1abd4294146e7679e41d7898732b02c7bfd',
126 silly install resolved     _from: 'hogan.js@*',
126 silly install resolved     _npmVersion: '1.4.15',
126 silly install resolved     _npmUser: { name: 'sayrer', email: 'sayrer@gmail.com' },
126 silly install resolved     maintainers: [ [Object], [Object] ],
126 silly install resolved     dist:
126 silly install resolved      { shasum: '4cd9e1abd4294146e7679e41d7898732b02c7bfd',
126 silly install resolved        tarball: 'https://registry.npmjs.org/hogan.js/-/hogan.js-3.0.2.tgz' },
126 silly install resolved     directories: {},
126 silly install resolved     _resolved: 'https://registry.npmjs.org/hogan.js/-/hogan.js-3.0.2.tgz' } ]
127 info install hogan.js@3.0.2 into /Users/yk/Desktop/Projects/E-commerce-fe/node_modules/hogan
128 info installOne hogan.js@3.0.2
129 verbose installOne of hogan.js to /Users/yk/Desktop/Projects/E-commerce-fe/node_modules/hogan not in flight; installing
130 verbose correctMkdir /Users/yk/.npm/_locks correctMkdir not in flight; initializing
131 verbose lock using /Users/yk/.npm/_locks/hogan-js-ceb50c4eb4e9eae4.lock for /Users/yk/Desktop/Projects/E-commerce-fe/node_modules/hogan/node_modules/hogan.js
132 silly install write writing hogan.js 3.0.2 to /Users/yk/Desktop/Projects/E-commerce-fe/node_modules/hogan/node_modules/hogan.js
133 verbose unbuild node_modules/hogan/node_modules/hogan.js
134 silly gentlyRm /Users/yk/Desktop/Projects/E-commerce-fe/node_modules/hogan/node_modules/hogan.js is being purged from base /Users/yk/Desktop/Projects/E-commerce-fe
135 verbose gentlyRm don't care about contents; nuking /Users/yk/Desktop/Projects/E-commerce-fe/node_modules/hogan/node_modules/hogan.js
136 verbose tar unpack /Users/yk/.npm/hogan.js/3.0.2/package.tgz
137 verbose tar unpacking to /Users/yk/Desktop/Projects/E-commerce-fe/node_modules/hogan/node_modules/hogan.js
138 silly gentlyRm /Users/yk/Desktop/Projects/E-commerce-fe/node_modules/hogan/node_modules/hogan.js is being purged
139 verbose gentlyRm don't care about contents; nuking /Users/yk/Desktop/Projects/E-commerce-fe/node_modules/hogan/node_modules/hogan.js
140 silly gunzTarPerm modes [ '755', '644' ]
141 silly gunzTarPerm extractEntry package.json
142 silly gunzTarPerm extractEntry .npmignore
143 silly gunzTarPerm extractEntry README.md
144 silly gunzTarPerm extractEntry LICENSE
145 silly gunzTarPerm extractEntry inheritance.js
146 silly gunzTarPerm extractEntry test.js
147 silly gunzTarPerm extractEntry dist/hogan-3.0.2.amd.js
148 silly gunzTarPerm extractEntry dist/hogan-3.0.2.common.js
149 silly gunzTarPerm extractEntry dist/hogan-3.0.2.js
150 silly gunzTarPerm extractEntry dist/hogan-3.0.2.min.amd.js
151 silly gunzTarPerm extractEntry dist/hogan-3.0.2.min.common.js
152 silly gunzTarPerm extractEntry dist/hogan-3.0.2.min.js
153 silly gunzTarPerm extractEntry dist/hogan-3.0.2.min.mustache.js
154 silly gunzTarPerm extractEntry dist/hogan-3.0.2.mustache.js
155 silly gunzTarPerm extractEntry dist/template-3.0.2.js
156 silly gunzTarPerm extractEntry dist/template-3.0.2.min.js
157 silly gunzTarPerm extractEntry build/gh-pages/1.0.0/hogan.js
158 silly gunzTarPerm extractEntry build/gh-pages/1.0.0/hogan.min.js
159 silly gunzTarPerm extractEntry build/gh-pages/builds/1.0.0/hogan.js
160 silly gunzTarPerm extractEntry build/gh-pages/builds/1.0.0/hogan.min.js
161 silly gunzTarPerm extractEntry build/gh-pages/builds/1.0.3/hogan.js
162 silly gunzTarPerm extractEntry build/gh-pages/builds/1.0.3/hogan.min.js
163 silly gunzTarPerm extractEntry build/gh-pages/builds/1.0.4/hogan-1.0.4.amd.js
164 silly gunzTarPerm extractEntry build/gh-pages/builds/1.0.4/hogan-1.0.4.common.js
165 silly gunzTarPerm extractEntry build/gh-pages/builds/1.0.4/hogan-1.0.4.js
166 silly gunzTarPerm extractEntry build/gh-pages/builds/1.0.4/hogan-1.0.4.min.amd.js
167 silly gunzTarPerm extractEntry build/gh-pages/builds/1.0.4/hogan-1.0.4.min.common.js
168 silly gunzTarPerm extractEntry build/gh-pages/builds/1.0.4/hogan-1.0.4.min.js
169 silly gunzTarPerm extractEntry build/gh-pages/builds/1.0.4/hogan-1.0.4.min.mustache.js
170 silly gunzTarPerm extractEntry build/gh-pages/builds/1.0.4/hogan-1.0.4.mustache.js
171 silly gunzTarPerm extractEntry build/gh-pages/builds/1.0.4/template-1.0.4.js
172 silly gunzTarPerm extractEntry build/gh-pages/builds/1.0.4/template-1.0.4.min.js
173 silly gunzTarPerm extractEntry build/gh-pages/builds/1.0.5/hogan-1.0.5.amd.js
174 silly gunzTarPerm extractEntry build/gh-pages/builds/1.0.5/hogan-1.0.5.common.js
175 silly gunzTarPerm extractEntry build/gh-pages/builds/1.0.5/hogan-1.0.5.js
176 silly gunzTarPerm extractEntry build/gh-pages/builds/1.0.5/hogan-1.0.5.min.amd.js
177 silly gunzTarPerm extractEntry build/gh-pages/builds/1.0.5/hogan-1.0.5.min.common.js
178 silly gunzTarPerm extractEntry build/gh-pages/builds/1.0.5/hogan-1.0.5.min.js
179 silly gunzTarPerm extractEntry build/gh-pages/builds/1.0.5/hogan-1.0.5.min.mustache.js
180 silly gunzTarPerm extractEntry build/gh-pages/builds/1.0.5/hogan-1.0.5.mustache.js
181 silly gunzTarPerm extractEntry build/gh-pages/builds/1.0.5/template-1.0.5.js
182 silly gunzTarPerm extractEntry build/gh-pages/builds/1.0.5/template-1.0.5.min.js
183 silly gunzTarPerm extractEntry build/gh-pages/builds/2.0.0/hogan-2.0.0.amd.js
184 silly gunzTarPerm extractEntry build/gh-pages/builds/2.0.0/hogan-2.0.0.common.js
185 silly gunzTarPerm extractEntry build/gh-pages/builds/2.0.0/hogan-2.0.0.js
186 silly gunzTarPerm extractEntry build/gh-pages/builds/2.0.0/hogan-2.0.0.min.amd.js
187 silly gunzTarPerm extractEntry build/gh-pages/builds/2.0.0/hogan-2.0.0.min.common.js
188 silly gunzTarPerm extractEntry build/gh-pages/builds/2.0.0/hogan-2.0.0.min.js
189 silly gunzTarPerm extractEntry build/gh-pages/builds/2.0.0/hogan-2.0.0.min.mustache.js
190 silly gunzTarPerm extractEntry build/gh-pages/builds/2.0.0/hogan-2.0.0.mustache.js
191 silly gunzTarPerm extractEntry build/gh-pages/builds/2.0.0/template-2.0.0.js
192 silly gunzTarPerm extractEntry build/gh-pages/builds/2.0.0/template-2.0.0.min.js
193 silly gunzTarPerm extractEntry build/gh-pages/favicon.ico
194 silly gunzTarPerm extractEntry build/gh-pages/images/logo.png
195 silly gunzTarPerm extractEntry build/gh-pages/images/noise.png
196 silly gunzTarPerm extractEntry build/gh-pages/images/small-hogan-icon.png
197 silly gunzTarPerm extractEntry build/gh-pages/images/stripes.png
198 silly gunzTarPerm extractEntry build/gh-pages/index.html
199 silly gunzTarPerm extractEntry build/gh-pages/stylesheets/layout.css
200 silly gunzTarPerm extractEntry build/gh-pages/stylesheets/skeleton.css
201 silly gunzTarPerm extractEntry component.json
202 silly gunzTarPerm extractEntry .gitmodules
203 silly gunzTarPerm extractEntry inheritance.html
204 silly gunzTarPerm extractEntry .editorconfig
205 silly gunzTarPerm extractEntry lib/compiler.js
206 silly gunzTarPerm extractEntry lib/hogan.js
207 silly gunzTarPerm extractEntry lib/template.js
208 silly gunzTarPerm extractEntry test.mustache
209 silly gunzTarPerm extractEntry .travis.yml
210 silly gunzTarPerm extractEntry test.html
211 silly gunzTarPerm extractEntry bin/hulk
212 silly gunzTarPerm extractEntry web/builds/1.0.0/hogan.js
213 silly gunzTarPerm extractEntry web/builds/1.0.0/hogan.min.js
214 silly gunzTarPerm extractEntry web/builds/1.0.3/hogan.js
215 silly gunzTarPerm extractEntry web/builds/1.0.3/hogan.min.js
216 silly gunzTarPerm extractEntry web/builds/1.0.4/hogan-1.0.4.amd.js
217 silly gunzTarPerm extractEntry web/builds/1.0.4/hogan-1.0.4.common.js
218 silly gunzTarPerm extractEntry web/builds/1.0.4/hogan-1.0.4.js
219 silly gunzTarPerm extractEntry web/builds/1.0.4/hogan-1.0.4.min.amd.js
220 silly gunzTarPerm extractEntry web/builds/1.0.4/hogan-1.0.4.min.common.js
221 silly gunzTarPerm extractEntry web/builds/1.0.4/hogan-1.0.4.min.js
222 silly gunzTarPerm extractEntry web/builds/1.0.4/hogan-1.0.4.min.mustache.js
223 silly gunzTarPerm extractEntry web/builds/1.0.4/hogan-1.0.4.mustache.js
224 silly gunzTarPerm extractEntry web/builds/1.0.4/template-1.0.4.js
225 silly gunzTarPerm extractEntry web/builds/1.0.4/template-1.0.4.min.js
226 silly gunzTarPerm extractEntry web/builds/1.0.5/hogan-1.0.5.amd.js
227 silly gunzTarPerm extractEntry web/builds/1.0.5/hogan-1.0.5.common.js
228 silly gunzTarPerm extractEntry web/builds/1.0.5/hogan-1.0.5.js
229 silly gunzTarPerm extractEntry web/builds/1.0.5/hogan-1.0.5.min.amd.js
230 silly gunzTarPerm extractEntry web/builds/1.0.5/hogan-1.0.5.min.common.js
231 silly gunzTarPerm extractEntry web/builds/1.0.5/hogan-1.0.5.min.js
232 silly gunzTarPerm extractEntry web/builds/1.0.5/hogan-1.0.5.min.mustache.js
233 silly gunzTarPerm extractEntry web/builds/1.0.5/hogan-1.0.5.mustache.js
234 silly gunzTarPerm extractEntry web/builds/1.0.5/template-1.0.5.js
235 silly gunzTarPerm extractEntry web/builds/1.0.5/template-1.0.5.min.js
236 silly gunzTarPerm extractEntry web/builds/2.0.0/hogan-2.0.0.amd.js
237 silly gunzTarPerm extractEntry web/builds/2.0.0/hogan-2.0.0.common.js
238 silly gunzTarPerm extractEntry web/builds/2.0.0/hogan-2.0.0.js
239 silly gunzTarPerm extractEntry web/builds/2.0.0/hogan-2.0.0.min.amd.js
240 silly gunzTarPerm extractEntry web/builds/2.0.0/hogan-2.0.0.min.common.js
241 silly gunzTarPerm extractEntry web/builds/2.0.0/hogan-2.0.0.min.js
242 silly gunzTarPerm extractEntry web/builds/2.0.0/hogan-2.0.0.min.mustache.js
243 silly gunzTarPerm extractEntry web/builds/2.0.0/hogan-2.0.0.mustache.js
244 silly gunzTarPerm extractEntry web/builds/2.0.0/template-2.0.0.js
245 silly gunzTarPerm extractEntry web/builds/2.0.0/template-2.0.0.min.js
246 silly gunzTarPerm extractEntry web/builds/3.0.0/hogan-3.0.0.amd.js
247 silly gunzTarPerm extractEntry web/builds/3.0.0/hogan-3.0.0.min.common.js
248 silly gunzTarPerm extractEntry web/builds/3.0.0/hogan-3.0.0.min.js
249 silly gunzTarPerm extractEntry web/builds/3.0.0/hogan-3.0.0.min.mustache.js
250 silly gunzTarPerm extractEntry web/builds/3.0.0/hogan-3.0.0.mustache.js
251 silly gunzTarPerm extractEntry web/builds/3.0.0/hogan-3.0.0.min.amd.js
252 silly gunzTarPerm extractEntry web/builds/3.0.0/hogan.template-3.0.0.common.js
253 silly gunzTarPerm extractEntry web/builds/3.0.0/hogan.template-3.0.0.js
254 silly gunzTarPerm extractEntry web/builds/3.0.0/hogan.template-3.0.0.min.amd.js
255 silly gunzTarPerm extractEntry web/builds/3.0.0/hogan.template-3.0.0.min.common.js
256 silly gunzTarPerm extractEntry web/builds/3.0.0/hogan.template-3.0.0.min.js
257 silly gunzTarPerm extractEntry web/builds/3.0.0/hogan-3.0.0.js
258 silly gunzTarPerm extractEntry web/builds/3.0.0/hogan.template-3.0.0.min.mustache.js
259 silly gunzTarPerm extractEntry web/builds/3.0.0/hogan-3.0.0.common.js
260 silly gunzTarPerm extractEntry web/builds/3.0.0/hogan.template-3.0.0.mustache.js
261 silly gunzTarPerm extractEntry web/builds/3.0.0/hogan.template-3.0.0.amd.js
262 silly gunzTarPerm extractEntry web/builds/3.0.1/hogan-3.0.1.amd.js
263 silly gunzTarPerm extractEntry web/builds/3.0.1/hogan-3.0.1.min.common.js
264 silly gunzTarPerm extractEntry web/builds/3.0.1/hogan-3.0.1.min.js
265 silly gunzTarPerm extractEntry web/builds/3.0.1/hogan-3.0.1.min.mustache.js
266 silly gunzTarPerm extractEntry web/builds/3.0.1/hogan-3.0.1.mustache.js
267 silly gunzTarPerm extractEntry web/builds/3.0.1/hogan-3.0.1.min.amd.js
268 silly gunzTarPerm extractEntry web/builds/3.0.1/hogan.template-3.0.1.common.js
269 silly gunzTarPerm extractEntry web/builds/3.0.1/hogan.template-3.0.1.js
270 silly gunzTarPerm extractEntry web/builds/3.0.1/hogan.template-3.0.1.min.amd.js
271 silly gunzTarPerm extractEntry web/builds/3.0.1/hogan.template-3.0.1.min.common.js
272 silly gunzTarPerm extractEntry web/builds/3.0.1/hogan.template-3.0.1.min.js
273 silly gunzTarPerm extractEntry web/builds/3.0.1/hogan-3.0.1.js
274 silly gunzTarPerm extractEntry web/builds/3.0.1/hogan.template-3.0.1.min.mustache.js
275 silly gunzTarPerm extractEntry web/builds/3.0.1/hogan-3.0.1.common.js
276 silly gunzTarPerm extractEntry web/builds/3.0.1/hogan.template-3.0.1.mustache.js
277 silly gunzTarPerm extractEntry web/builds/3.0.1/hogan.template-3.0.1.amd.js
278 silly gunzTarPerm extractEntry web/builds/3.0.2/hogan-3.0.2.amd.js
279 silly gunzTarPerm extractEntry web/builds/3.0.2/hogan-3.0.2.common.js
280 silly gunzTarPerm extractEntry web/builds/3.0.2/hogan-3.0.2.js
281 silly gunzTarPerm extractEntry web/builds/3.0.2/hogan-3.0.2.min.amd.js
282 silly gunzTarPerm extractEntry web/builds/3.0.2/hogan-3.0.2.min.common.js
283 silly gunzTarPerm extractEntry web/builds/3.0.2/hogan-3.0.2.min.js
284 silly gunzTarPerm extractEntry web/builds/3.0.2/hogan-3.0.2.min.mustache.js
285 silly gunzTarPerm extractEntry web/builds/3.0.2/hogan-3.0.2.mustache.js
286 silly gunzTarPerm extractEntry web/builds/3.0.2/template-3.0.2.js
287 silly gunzTarPerm extractEntry web/builds/3.0.2/template-3.0.2.min.js
288 verbose write writing to /Users/yk/Desktop/Projects/E-commerce-fe/node_modules/hogan/node_modules/hogan.js/package.json
289 info preinstall hogan.js@3.0.2
290 verbose readDependencies loading dependencies from /Users/yk/Desktop/Projects/E-commerce-fe/node_modules/hogan/node_modules/hogan.js/package.json
291 silly prepareForInstallMany adding nopt@1.0.10 from hogan.js dependencies
292 silly prepareForInstallMany adding mkdirp@0.3.0 from hogan.js dependencies
293 verbose readDependencies loading dependencies from /Users/yk/Desktop/Projects/E-commerce-fe/node_modules/hogan/node_modules/hogan.js/package.json
294 silly cache add args [ 'nopt@1.0.10', null ]
295 verbose cache add spec nopt@1.0.10
296 silly cache add args [ 'mkdirp@0.3.0', null ]
297 verbose cache add spec mkdirp@0.3.0
298 silly cache add parsed spec Result {
298 silly cache add   raw: 'nopt@1.0.10',
298 silly cache add   scope: null,
298 silly cache add   name: 'nopt',
298 silly cache add   rawSpec: '1.0.10',
298 silly cache add   spec: '1.0.10',
298 silly cache add   type: 'version' }
299 silly addNamed nopt@1.0.10
300 verbose addNamed "1.0.10" is a plain semver version for nopt
301 silly mapToRegistry name nopt
302 silly mapToRegistry using default registry
303 silly mapToRegistry registry https://registry.npmjs.org/
304 silly mapToRegistry data Result {
304 silly mapToRegistry   raw: 'nopt',
304 silly mapToRegistry   scope: null,
304 silly mapToRegistry   name: 'nopt',
304 silly mapToRegistry   rawSpec: '',
304 silly mapToRegistry   spec: 'latest',
304 silly mapToRegistry   type: 'tag' }
305 silly mapToRegistry uri https://registry.npmjs.org/nopt
306 verbose addNameVersion registry:https://registry.npmjs.org/nopt not in flight; fetching
307 silly cache add parsed spec Result {
307 silly cache add   raw: 'mkdirp@0.3.0',
307 silly cache add   scope: null,
307 silly cache add   name: 'mkdirp',
307 silly cache add   rawSpec: '0.3.0',
307 silly cache add   spec: '0.3.0',
307 silly cache add   type: 'version' }
308 silly addNamed mkdirp@0.3.0
309 verbose addNamed "0.3.0" is a plain semver version for mkdirp
310 silly mapToRegistry name mkdirp
311 silly mapToRegistry using default registry
312 silly mapToRegistry registry https://registry.npmjs.org/
313 silly mapToRegistry data Result {
313 silly mapToRegistry   raw: 'mkdirp',
313 silly mapToRegistry   scope: null,
313 silly mapToRegistry   name: 'mkdirp',
313 silly mapToRegistry   rawSpec: '',
313 silly mapToRegistry   spec: 'latest',
313 silly mapToRegistry   type: 'tag' }
314 silly mapToRegistry uri https://registry.npmjs.org/mkdirp
315 verbose addNameVersion registry:https://registry.npmjs.org/mkdirp not in flight; fetching
316 verbose request uri https://registry.npmjs.org/nopt
317 verbose request no auth needed
318 info attempt registry request try #1 at 3:41:02 PM
319 http request GET https://registry.npmjs.org/nopt
320 verbose request uri https://registry.npmjs.org/mkdirp
321 verbose request no auth needed
322 info attempt registry request try #1 at 3:41:02 PM
323 verbose etag "5a705dd3-698a"
324 verbose lastModified Tue, 30 Jan 2018 11:58:11 GMT
325 http request GET https://registry.npmjs.org/mkdirp
326 http 200 https://registry.npmjs.org/nopt
327 verbose headers { 'content-type': 'application/json; charset=UTF-8',
327 verbose headers   server: 'UploadServer',
327 verbose headers   'cache-control': 'max-age=300',
327 verbose headers   'last-modified': 'Wed, 18 Oct 2017 13:37:23 GMT',
327 verbose headers   etag: '"59e75913-848a"',
327 verbose headers   'content-encoding': 'gzip',
327 verbose headers   'content-length': '6883',
327 verbose headers   'accept-ranges': 'bytes',
327 verbose headers   date: 'Wed, 31 Jan 2018 23:41:02 GMT',
327 verbose headers   via: '1.1 varnish',
327 verbose headers   age: '4914',
327 verbose headers   connection: 'keep-alive',
327 verbose headers   'x-served-by': 'cache-lax8623-LAX',
327 verbose headers   'x-cache': 'HIT',
327 verbose headers   'x-cache-hits': '24',
327 verbose headers   'x-timer': 'S1517442063.617155,VS0,VE0',
327 verbose headers   vary: 'Accept-Encoding, Accept' }
328 silly get cb [ 200,
328 silly get   { 'content-type': 'application/json; charset=UTF-8',
328 silly get     server: 'UploadServer',
328 silly get     'cache-control': 'max-age=300',
328 silly get     'last-modified': 'Wed, 18 Oct 2017 13:37:23 GMT',
328 silly get     etag: '"59e75913-848a"',
328 silly get     'content-encoding': 'gzip',
328 silly get     'content-length': '6883',
328 silly get     'accept-ranges': 'bytes',
328 silly get     date: 'Wed, 31 Jan 2018 23:41:02 GMT',
328 silly get     via: '1.1 varnish',
328 silly get     age: '4914',
328 silly get     connection: 'keep-alive',
328 silly get     'x-served-by': 'cache-lax8623-LAX',
328 silly get     'x-cache': 'HIT',
328 silly get     'x-cache-hits': '24',
328 silly get     'x-timer': 'S1517442063.617155,VS0,VE0',
328 silly get     vary: 'Accept-Encoding, Accept' } ]
329 verbose get saving nopt to /Users/yk/.npm/registry.npmjs.org/nopt/.cache.json
330 verbose correctMkdir /Users/yk/.npm correctMkdir not in flight; initializing
331 silly mapToRegistry name nopt
332 silly mapToRegistry using default registry
333 silly mapToRegistry registry https://registry.npmjs.org/
334 silly mapToRegistry data Result {
334 silly mapToRegistry   raw: 'nopt',
334 silly mapToRegistry   scope: null,
334 silly mapToRegistry   name: 'nopt',
334 silly mapToRegistry   rawSpec: '',
334 silly mapToRegistry   spec: 'latest',
334 silly mapToRegistry   type: 'tag' }
335 silly mapToRegistry uri https://registry.npmjs.org/nopt
336 verbose addRemoteTarball https://registry.npmjs.org/nopt/-/nopt-1.0.10.tgz not in flight; adding
337 verbose addRemoteTarball [ 'https://registry.npmjs.org/nopt/-/nopt-1.0.10.tgz',
337 verbose addRemoteTarball   '6ddd21bd2a31417b92727dd585f8a6f37608ebee' ]
338 info retry fetch attempt 1 at 3:41:02 PM
339 info attempt registry request try #1 at 3:41:02 PM
340 http fetch GET https://registry.npmjs.org/nopt/-/nopt-1.0.10.tgz
341 http fetch 200 https://registry.npmjs.org/nopt/-/nopt-1.0.10.tgz
342 silly fetchAndShaCheck shasum 6ddd21bd2a31417b92727dd585f8a6f37608ebee
343 verbose addTmpTarball /var/folders/f8/0k6qfsdx0y703nh1b81brl6w0000gn/T/npm-7788-0194df88/registry.npmjs.org/nopt/-/nopt-1.0.10.tgz not in flight; adding
344 verbose addTmpTarball already have metadata; skipping unpack for nopt@1.0.10
345 verbose correctMkdir /Users/yk/.npm correctMkdir not in flight; initializing
346 http 304 https://registry.npmjs.org/mkdirp
347 verbose headers { date: 'Wed, 31 Jan 2018 23:41:02 GMT',
347 verbose headers   via: '1.1 varnish',
347 verbose headers   'cache-control': 'max-age=300',
347 verbose headers   etag: '"5a705dd3-698a"',
347 verbose headers   age: '13271',
347 verbose headers   connection: 'keep-alive',
347 verbose headers   'x-served-by': 'cache-lax8622-LAX',
347 verbose headers   'x-cache': 'HIT',
347 verbose headers   'x-cache-hits': '100',
347 verbose headers   'x-timer': 'S1517442063.629609,VS0,VE0',
347 verbose headers   vary: 'Accept-Encoding, Accept' }
348 silly get cb [ 304,
348 silly get   { date: 'Wed, 31 Jan 2018 23:41:02 GMT',
348 silly get     via: '1.1 varnish',
348 silly get     'cache-control': 'max-age=300',
348 silly get     etag: '"5a705dd3-698a"',
348 silly get     age: '13271',
348 silly get     connection: 'keep-alive',
348 silly get     'x-served-by': 'cache-lax8622-LAX',
348 silly get     'x-cache': 'HIT',
348 silly get     'x-cache-hits': '100',
348 silly get     'x-timer': 'S1517442063.629609,VS0,VE0',
348 silly get     vary: 'Accept-Encoding, Accept' } ]
349 verbose etag https://registry.npmjs.org/mkdirp from cache
350 verbose get saving mkdirp to /Users/yk/.npm/registry.npmjs.org/mkdirp/.cache.json
351 verbose correctMkdir /Users/yk/.npm correctMkdir not in flight; initializing
352 silly cache afterAdd nopt@1.0.10
353 verbose afterAdd /Users/yk/.npm/nopt/1.0.10/package/package.json not in flight; writing
354 verbose correctMkdir /Users/yk/.npm correctMkdir not in flight; initializing
355 verbose afterAdd /Users/yk/.npm/nopt/1.0.10/package/package.json written
356 silly mapToRegistry name mkdirp
357 silly mapToRegistry using default registry
358 silly mapToRegistry registry https://registry.npmjs.org/
359 silly mapToRegistry data Result {
359 silly mapToRegistry   raw: 'mkdirp',
359 silly mapToRegistry   scope: null,
359 silly mapToRegistry   name: 'mkdirp',
359 silly mapToRegistry   rawSpec: '',
359 silly mapToRegistry   spec: 'latest',
359 silly mapToRegistry   type: 'tag' }
360 silly mapToRegistry uri https://registry.npmjs.org/mkdirp
361 verbose addRemoteTarball https://registry.npmjs.org/mkdirp/-/mkdirp-0.3.0.tgz not in flight; adding
362 verbose addRemoteTarball [ 'https://registry.npmjs.org/mkdirp/-/mkdirp-0.3.0.tgz',
362 verbose addRemoteTarball   '1bbf5ab1ba827af23575143490426455f481fe1e' ]
363 info retry fetch attempt 1 at 3:41:02 PM
364 info attempt registry request try #1 at 3:41:02 PM
365 http fetch GET https://registry.npmjs.org/mkdirp/-/mkdirp-0.3.0.tgz
366 http fetch 200 https://registry.npmjs.org/mkdirp/-/mkdirp-0.3.0.tgz
367 silly fetchAndShaCheck shasum 1bbf5ab1ba827af23575143490426455f481fe1e
368 verbose addTmpTarball /var/folders/f8/0k6qfsdx0y703nh1b81brl6w0000gn/T/npm-7788-0194df88/registry.npmjs.org/mkdirp/-/mkdirp-0.3.0.tgz not in flight; adding
369 verbose addTmpTarball already have metadata; skipping unpack for mkdirp@0.3.0
370 verbose correctMkdir /Users/yk/.npm correctMkdir not in flight; initializing
371 silly cache afterAdd mkdirp@0.3.0
372 verbose afterAdd /Users/yk/.npm/mkdirp/0.3.0/package/package.json not in flight; writing
373 verbose correctMkdir /Users/yk/.npm correctMkdir not in flight; initializing
374 verbose afterAdd /Users/yk/.npm/mkdirp/0.3.0/package/package.json written
375 silly install resolved [ { name: 'nopt',
375 silly install resolved     version: '1.0.10',
375 silly install resolved     description: 'Option parsing for Node, supporting types, shorthands, etc. Used by npm.',
375 silly install resolved     author:
375 silly install resolved      { name: 'Isaac Z. Schlueter',
375 silly install resolved        email: 'i@izs.me',
375 silly install resolved        url: 'http://blog.izs.me/' },
375 silly install resolved     main: 'lib/nopt.js',
375 silly install resolved     scripts: { test: 'node lib/nopt.js' },
375 silly install resolved     repository: { type: 'git', url: 'git://github.com/isaacs/nopt.git' },
375 silly install resolved     bin: { nopt: './bin/nopt.js' },
375 silly install resolved     license:
375 silly install resolved      { type: 'MIT',
375 silly install resolved        url: 'https://github.com/isaacs/nopt/raw/master/LICENSE' },
375 silly install resolved     dependencies: { abbrev: '1' },
375 silly install resolved     _npmUser: { name: 'isaacs', email: 'i@izs.me' },
375 silly install resolved     _id: 'nopt@1.0.10',
375 silly install resolved     devDependencies: {},
375 silly install resolved     engines: { node: '*' },
375 silly install resolved     _engineSupported: true,
375 silly install resolved     _npmVersion: '1.0.93',
375 silly install resolved     _nodeVersion: 'v0.5.9-pre',
375 silly install resolved     _defaultsLoaded: true,
375 silly install resolved     dist:
375 silly install resolved      { shasum: '6ddd21bd2a31417b92727dd585f8a6f37608ebee',
375 silly install resolved        tarball: 'https://registry.npmjs.org/nopt/-/nopt-1.0.10.tgz' },
375 silly install resolved     maintainers: [ [Object] ],
375 silly install resolved     directories: {},
375 silly install resolved     _shasum: '6ddd21bd2a31417b92727dd585f8a6f37608ebee',
375 silly install resolved     _resolved: 'https://registry.npmjs.org/nopt/-/nopt-1.0.10.tgz',
375 silly install resolved     _from: 'nopt@1.0.10' },
375 silly install resolved   { name: 'mkdirp',
375 silly install resolved     description: 'Recursively mkdir, like `mkdir -p`',
375 silly install resolved     version: '0.3.0',
375 silly install resolved     author:
375 silly install resolved      { name: 'James Halliday',
375 silly install resolved        email: 'mail@substack.net',
375 silly install resolved        url: 'http://substack.net' },
375 silly install resolved     main: './index',
375 silly install resolved     keywords: [ 'mkdir', 'directory' ],
375 silly install resolved     repository:
375 silly install resolved      { type: 'git',
375 silly install resolved        url: 'git://github.com/substack/node-mkdirp.git' },
375 silly install resolved     scripts: { test: 'tap test/*.js' },
375 silly install resolved     devDependencies: { tap: '0.0.x' },
375 silly install resolved     license: 'MIT/X11',
375 silly install resolved     engines: { node: '*' },
375 silly install resolved     _npmUser: { name: 'substack', email: 'mail@substack.net' },
375 silly install resolved     _id: 'mkdirp@0.3.0',
375 silly install resolved     dependencies: {},
375 silly install resolved     _engineSupported: true,
375 silly install resolved     _npmVersion: '1.0.106',
375 silly install resolved     _nodeVersion: 'v0.4.12',
375 silly install resolved     _defaultsLoaded: true,
375 silly install resolved     dist:
375 silly install resolved      { shasum: '1bbf5ab1ba827af23575143490426455f481fe1e',
375 silly install resolved        tarball: 'https://registry.npmjs.org/mkdirp/-/mkdirp-0.3.0.tgz' },
375 silly install resolved     maintainers: [ [Object] ],
375 silly install resolved     directories: {},
375 silly install resolved     _shasum: '1bbf5ab1ba827af23575143490426455f481fe1e',
375 silly install resolved     _resolved: 'https://registry.npmjs.org/mkdirp/-/mkdirp-0.3.0.tgz',
375 silly install resolved     _from: 'mkdirp@0.3.0' } ]
376 info install nopt@1.0.10 into /Users/yk/Desktop/Projects/E-commerce-fe/node_modules/hogan/node_modules/hogan.js
377 info install mkdirp@0.3.0 into /Users/yk/Desktop/Projects/E-commerce-fe/node_modules/hogan/node_modules/hogan.js
378 info installOne nopt@1.0.10
379 verbose installOne of nopt to /Users/yk/Desktop/Projects/E-commerce-fe/node_modules/hogan/node_modules/hogan.js not in flight; installing
380 verbose correctMkdir /Users/yk/.npm/_locks correctMkdir not in flight; initializing
381 info installOne mkdirp@0.3.0
382 verbose installOne of mkdirp to /Users/yk/Desktop/Projects/E-commerce-fe/node_modules/hogan/node_modules/hogan.js not in flight; installing
383 verbose correctMkdir /Users/yk/.npm/_locks correctMkdir not in flight; initializing
384 verbose lock using /Users/yk/.npm/_locks/mkdirp-97acef789aa900bd.lock for /Users/yk/Desktop/Projects/E-commerce-fe/node_modules/hogan/node_modules/hogan.js/node_modules/mkdirp
385 verbose lock using /Users/yk/.npm/_locks/nopt-eadabb986d5e0579.lock for /Users/yk/Desktop/Projects/E-commerce-fe/node_modules/hogan/node_modules/hogan.js/node_modules/nopt
386 silly install write writing mkdirp 0.3.0 to /Users/yk/Desktop/Projects/E-commerce-fe/node_modules/hogan/node_modules/hogan.js/node_modules/mkdirp
387 silly install write writing nopt 1.0.10 to /Users/yk/Desktop/Projects/E-commerce-fe/node_modules/hogan/node_modules/hogan.js/node_modules/nopt
388 verbose unbuild node_modules/hogan/node_modules/hogan.js/node_modules/mkdirp
389 verbose unbuild node_modules/hogan/node_modules/hogan.js/node_modules/nopt
390 silly gentlyRm /Users/yk/Desktop/Projects/E-commerce-fe/node_modules/hogan/node_modules/hogan.js/node_modules/mkdirp is being purged from base /Users/yk/Desktop/Projects/E-commerce-fe
391 verbose gentlyRm don't care about contents; nuking /Users/yk/Desktop/Projects/E-commerce-fe/node_modules/hogan/node_modules/hogan.js/node_modules/mkdirp
392 verbose tar unpack /Users/yk/.npm/mkdirp/0.3.0/package.tgz
393 verbose tar unpacking to /Users/yk/Desktop/Projects/E-commerce-fe/node_modules/hogan/node_modules/hogan.js/node_modules/mkdirp
394 silly gentlyRm /Users/yk/Desktop/Projects/E-commerce-fe/node_modules/hogan/node_modules/hogan.js/node_modules/mkdirp is being purged
395 verbose gentlyRm don't care about contents; nuking /Users/yk/Desktop/Projects/E-commerce-fe/node_modules/hogan/node_modules/hogan.js/node_modules/mkdirp
396 silly gentlyRm /Users/yk/Desktop/Projects/E-commerce-fe/node_modules/hogan/node_modules/hogan.js/node_modules/nopt is being purged from base /Users/yk/Desktop/Projects/E-commerce-fe
397 verbose gentlyRm don't care about contents; nuking /Users/yk/Desktop/Projects/E-commerce-fe/node_modules/hogan/node_modules/hogan.js/node_modules/nopt
398 silly gunzTarPerm modes [ '755', '644' ]
399 verbose tar unpack /Users/yk/.npm/nopt/1.0.10/package.tgz
400 verbose tar unpacking to /Users/yk/Desktop/Projects/E-commerce-fe/node_modules/hogan/node_modules/hogan.js/node_modules/nopt
401 silly gentlyRm /Users/yk/Desktop/Projects/E-commerce-fe/node_modules/hogan/node_modules/hogan.js/node_modules/nopt is being purged
402 verbose gentlyRm don't care about contents; nuking /Users/yk/Desktop/Projects/E-commerce-fe/node_modules/hogan/node_modules/hogan.js/node_modules/nopt
403 silly gunzTarPerm modes [ '755', '644' ]
404 silly gunzTarPerm extractEntry index.js
405 silly gunzTarPerm extractEntry .gitignore
406 silly gunzTarPerm extractEntry package.json
407 silly gunzTarPerm extractEntry .gitignore.rej
408 silly gunzTarPerm extractEntry LICENSE
409 silly gunzTarPerm extractEntry package.json
410 silly gunzTarPerm extractEntry .gitignore.orig
411 silly gunzTarPerm extractEntry README.markdown
412 silly gunzTarPerm extractEntry README.md
413 silly gunzTarPerm extractEntry bin/nopt.js
414 silly gunzTarPerm extractEntry LICENSE
415 silly gunzTarPerm extractEntry .gitignore
416 silly gunzTarPerm extractEntry examples/my-program.js
417 silly gunzTarPerm extractEntry lib/nopt.js
418 silly gunzTarPerm extractEntry examples/pow.js.rej
419 silly gunzTarPerm extractEntry examples/pow.js
420 silly gunzTarPerm extractEntry examples/pow.js.orig
421 silly gunzTarPerm extractEntry test/perm.js
422 silly gunzTarPerm extractEntry test/umask_sync.js
423 silly gunzTarPerm extractEntry test/perm_sync.js
424 silly gunzTarPerm extractEntry test/race.js
425 silly gunzTarPerm extractEntry test/rel.js
426 silly gunzTarPerm extractEntry test/mkdirp.js
427 silly gunzTarPerm extractEntry test/clobber.js
428 silly gunzTarPerm extractEntry test/umask.js
429 silly gunzTarPerm extractEntry test/sync.js
430 silly gunzTarPerm extractEntry test/chmod.js
431 verbose write writing to /Users/yk/Desktop/Projects/E-commerce-fe/node_modules/hogan/node_modules/hogan.js/node_modules/nopt/package.json
432 info preinstall nopt@1.0.10
433 verbose readDependencies loading dependencies from /Users/yk/Desktop/Projects/E-commerce-fe/node_modules/hogan/node_modules/hogan.js/node_modules/nopt/package.json
434 silly prepareForInstallMany adding abbrev@1 from nopt dependencies
435 verbose readDependencies loading dependencies from /Users/yk/Desktop/Projects/E-commerce-fe/node_modules/hogan/node_modules/hogan.js/node_modules/nopt/package.json
436 silly cache add args [ 'abbrev@1', null ]
437 verbose cache add spec abbrev@1
438 silly cache add parsed spec Result {
438 silly cache add   raw: 'abbrev@1',
438 silly cache add   scope: null,
438 silly cache add   name: 'abbrev',
438 silly cache add   rawSpec: '1',
438 silly cache add   spec: '>=1.0.0 <2.0.0',
438 silly cache add   type: 'range' }
439 silly addNamed abbrev@>=1.0.0 <2.0.0
440 verbose addNamed ">=1.0.0 <2.0.0" is a valid semver range for abbrev
441 silly addNameRange { name: 'abbrev', range: '>=1.0.0 <2.0.0', hasData: false }
442 silly mapToRegistry name abbrev
443 silly mapToRegistry using default registry
444 silly mapToRegistry registry https://registry.npmjs.org/
445 silly mapToRegistry data Result {
445 silly mapToRegistry   raw: 'abbrev',
445 silly mapToRegistry   scope: null,
445 silly mapToRegistry   name: 'abbrev',
445 silly mapToRegistry   rawSpec: '',
445 silly mapToRegistry   spec: 'latest',
445 silly mapToRegistry   type: 'tag' }
446 silly mapToRegistry uri https://registry.npmjs.org/abbrev
447 verbose addNameRange registry:https://registry.npmjs.org/abbrev not in flight; fetching
448 verbose request uri https://registry.npmjs.org/abbrev
449 verbose request no auth needed
450 info attempt registry request try #1 at 3:41:02 PM
451 http request GET https://registry.npmjs.org/abbrev
452 verbose write writing to /Users/yk/Desktop/Projects/E-commerce-fe/node_modules/hogan/node_modules/hogan.js/node_modules/mkdirp/package.json
453 info preinstall mkdirp@0.3.0
454 verbose readDependencies loading dependencies from /Users/yk/Desktop/Projects/E-commerce-fe/node_modules/hogan/node_modules/hogan.js/node_modules/mkdirp/package.json
455 verbose readDependencies loading dependencies from /Users/yk/Desktop/Projects/E-commerce-fe/node_modules/hogan/node_modules/hogan.js/node_modules/mkdirp/package.json
456 silly install resolved []
457 verbose about to build /Users/yk/Desktop/Projects/E-commerce-fe/node_modules/hogan/node_modules/hogan.js/node_modules/mkdirp
458 info build /Users/yk/Desktop/Projects/E-commerce-fe/node_modules/hogan/node_modules/hogan.js/node_modules/mkdirp
459 http 200 https://registry.npmjs.org/abbrev
460 verbose headers { 'content-type': 'application/json; charset=UTF-8',
460 verbose headers   server: 'UploadServer',
460 verbose headers   'cache-control': 'max-age=300',
460 verbose headers   'last-modified': 'Thu, 28 Sep 2017 2:47:13 GMT',
460 verbose headers   etag: '"59cc62b1-23b4"',
460 verbose headers   'content-encoding': 'gzip',
460 verbose headers   'content-length': '2132',
460 verbose headers   'accept-ranges': 'bytes',
460 verbose headers   date: 'Wed, 31 Jan 2018 23:41:02 GMT',
460 verbose headers   via: '1.1 varnish',
460 verbose headers   age: '5818',
460 verbose headers   connection: 'keep-alive',
460 verbose headers   'x-served-by': 'cache-lax8622-LAX',
460 verbose headers   'x-cache': 'HIT',
460 verbose headers   'x-cache-hits': '28',
460 verbose headers   'x-timer': 'S1517442063.697529,VS0,VE0',
460 verbose headers   vary: 'Accept-Encoding, Accept' }
461 silly get cb [ 200,
461 silly get   { 'content-type': 'application/json; charset=UTF-8',
461 silly get     server: 'UploadServer',
461 silly get     'cache-control': 'max-age=300',
461 silly get     'last-modified': 'Thu, 28 Sep 2017 2:47:13 GMT',
461 silly get     etag: '"59cc62b1-23b4"',
461 silly get     'content-encoding': 'gzip',
461 silly get     'content-length': '2132',
461 silly get     'accept-ranges': 'bytes',
461 silly get     date: 'Wed, 31 Jan 2018 23:41:02 GMT',
461 silly get     via: '1.1 varnish',
461 silly get     age: '5818',
461 silly get     connection: 'keep-alive',
461 silly get     'x-served-by': 'cache-lax8622-LAX',
461 silly get     'x-cache': 'HIT',
461 silly get     'x-cache-hits': '28',
461 silly get     'x-timer': 'S1517442063.697529,VS0,VE0',
461 silly get     vary: 'Accept-Encoding, Accept' } ]
462 verbose get saving abbrev to /Users/yk/.npm/registry.npmjs.org/abbrev/.cache.json
463 verbose correctMkdir /Users/yk/.npm correctMkdir not in flight; initializing
464 info linkStuff mkdirp@0.3.0
465 silly linkStuff mkdirp@0.3.0 has /Users/yk/Desktop/Projects/E-commerce-fe/node_modules/hogan/node_modules/hogan.js/node_modules as its parent node_modules
466 silly addNameRange number 2 { name: 'abbrev', range: '>=1.0.0 <2.0.0', hasData: true }
467 silly addNameRange versions [ 'abbrev',
467 silly addNameRange   [ '1.0.3',
467 silly addNameRange     '1.0.4',
467 silly addNameRange     '1.0.5',
467 silly addNameRange     '1.0.6',
467 silly addNameRange     '1.0.7',
467 silly addNameRange     '1.0.9',
467 silly addNameRange     '1.1.0',
467 silly addNameRange     '1.1.1' ] ]
468 silly addNamed abbrev@1.1.1
469 verbose addNamed "1.1.1" is a plain semver version for abbrev
470 silly mapToRegistry name abbrev
471 silly mapToRegistry using default registry
472 silly mapToRegistry registry https://registry.npmjs.org/
473 silly mapToRegistry data Result {
473 silly mapToRegistry   raw: 'abbrev',
473 silly mapToRegistry   scope: null,
473 silly mapToRegistry   name: 'abbrev',
473 silly mapToRegistry   rawSpec: '',
473 silly mapToRegistry   spec: 'latest',
473 silly mapToRegistry   type: 'tag' }
474 silly mapToRegistry uri https://registry.npmjs.org/abbrev
475 verbose addRemoteTarball https://registry.npmjs.org/abbrev/-/abbrev-1.1.1.tgz not in flight; adding
476 verbose addRemoteTarball [ 'https://registry.npmjs.org/abbrev/-/abbrev-1.1.1.tgz',
476 verbose addRemoteTarball   'f8f2c887ad10bf67f634f005b6987fed3179aac8' ]
477 verbose linkBins mkdirp@0.3.0
478 verbose linkMans mkdirp@0.3.0
479 verbose rebuildBundles mkdirp@0.3.0
480 info retry fetch attempt 1 at 3:41:02 PM
481 info attempt registry request try #1 at 3:41:02 PM
482 http fetch GET https://registry.npmjs.org/abbrev/-/abbrev-1.1.1.tgz
483 info install mkdirp@0.3.0
484 info postinstall mkdirp@0.3.0
485 verbose unlock done using /Users/yk/.npm/_locks/mkdirp-97acef789aa900bd.lock for /Users/yk/Desktop/Projects/E-commerce-fe/node_modules/hogan/node_modules/hogan.js/node_modules/mkdirp
486 http fetch 200 https://registry.npmjs.org/abbrev/-/abbrev-1.1.1.tgz
487 silly fetchAndShaCheck shasum f8f2c887ad10bf67f634f005b6987fed3179aac8
488 verbose addTmpTarball /var/folders/f8/0k6qfsdx0y703nh1b81brl6w0000gn/T/npm-7788-0194df88/registry.npmjs.org/abbrev/-/abbrev-1.1.1.tgz not in flight; adding
489 verbose addTmpTarball already have metadata; skipping unpack for abbrev@1.1.1
490 verbose correctMkdir /Users/yk/.npm correctMkdir not in flight; initializing
491 silly cache afterAdd abbrev@1.1.1
492 verbose afterAdd /Users/yk/.npm/abbrev/1.1.1/package/package.json not in flight; writing
493 verbose correctMkdir /Users/yk/.npm correctMkdir not in flight; initializing
494 verbose afterAdd /Users/yk/.npm/abbrev/1.1.1/package/package.json written
495 silly install resolved [ { name: 'abbrev',
495 silly install resolved     version: '1.1.1',
495 silly install resolved     description: 'Like ruby\'s abbrev module, but in js',
495 silly install resolved     author: { name: 'Isaac Z. Schlueter', email: 'i@izs.me' },
495 silly install resolved     main: 'abbrev.js',
495 silly install resolved     scripts:
495 silly install resolved      { test: 'tap test.js --100',
495 silly install resolved        preversion: 'npm test',
495 silly install resolved        postversion: 'npm publish',
495 silly install resolved        postpublish: 'git push origin --all; git push origin --tags' },
495 silly install resolved     repository:
495 silly install resolved      { type: 'git',
495 silly install resolved        url: 'git+ssh://git@github.com/isaacs/abbrev-js.git' },
495 silly install resolved     license: 'ISC',
495 silly install resolved     devDependencies: { tap: '^10.1' },
495 silly install resolved     files: [ 'abbrev.js' ],
495 silly install resolved     gitHead: 'a9ee72ebc8fe3975f1b0c7aeb3a8f2a806a432eb',
495 silly install resolved     bugs: { url: 'https://github.com/isaacs/abbrev-js/issues' },
495 silly install resolved     homepage: 'https://github.com/isaacs/abbrev-js#readme',
495 silly install resolved     _id: 'abbrev@1.1.1',
495 silly install resolved     _npmVersion: '5.4.2',
495 silly install resolved     _nodeVersion: '8.5.0',
495 silly install resolved     _npmUser: { name: 'isaacs', email: 'i@izs.me' },
495 silly install resolved     dist:
495 silly install resolved      { integrity: 'sha512-nne9/IiQ/hzIhY6pdDnbBtz7DjPTKrY00P/zvPSm5pOFkl6xuGrGnXn/VtTNNfNtAfZ9/1RtehkszU9qcTii0Q==',
495 silly install resolved        shasum: 'f8f2c887ad10bf67f634f005b6987fed3179aac8',
495 silly install resolved        tarball: 'https://registry.npmjs.org/abbrev/-/abbrev-1.1.1.tgz' },
495 silly install resolved     maintainers: [ [Object], [Object] ],
495 silly install resolved     _npmOperationalInternal:
495 silly install resolved      { host: 's3://npm-registry-packages',
495 silly install resolved        tmp: 'tmp/abbrev-1.1.1.tgz_1506566833068_0.05750026390887797' },
495 silly install resolved     directories: {},
495 silly install resolved     _shasum: 'f8f2c887ad10bf67f634f005b6987fed3179aac8',
495 silly install resolved     _resolved: 'https://registry.npmjs.org/abbrev/-/abbrev-1.1.1.tgz',
495 silly install resolved     _from: 'abbrev@>=1.0.0 <2.0.0' } ]
496 info install abbrev@1.1.1 into /Users/yk/Desktop/Projects/E-commerce-fe/node_modules/hogan/node_modules/hogan.js/node_modules/nopt
497 info installOne abbrev@1.1.1
498 verbose installOne of abbrev to /Users/yk/Desktop/Projects/E-commerce-fe/node_modules/hogan/node_modules/hogan.js/node_modules/nopt not in flight; installing
499 verbose correctMkdir /Users/yk/.npm/_locks correctMkdir not in flight; initializing
500 verbose lock using /Users/yk/.npm/_locks/abbrev-f9b2bf65ab14347a.lock for /Users/yk/Desktop/Projects/E-commerce-fe/node_modules/hogan/node_modules/hogan.js/node_modules/nopt/node_modules/abbrev
501 silly install write writing abbrev 1.1.1 to /Users/yk/Desktop/Projects/E-commerce-fe/node_modules/hogan/node_modules/hogan.js/node_modules/nopt/node_modules/abbrev
502 verbose unbuild node_modules/hogan/node_modules/hogan.js/node_modules/nopt/node_modules/abbrev
503 silly gentlyRm /Users/yk/Desktop/Projects/E-commerce-fe/node_modules/hogan/node_modules/hogan.js/node_modules/nopt/node_modules/abbrev is being purged from base /Users/yk/Desktop/Projects/E-commerce-fe
504 verbose gentlyRm don't care about contents; nuking /Users/yk/Desktop/Projects/E-commerce-fe/node_modules/hogan/node_modules/hogan.js/node_modules/nopt/node_modules/abbrev
505 verbose tar unpack /Users/yk/.npm/abbrev/1.1.1/package.tgz
506 verbose tar unpacking to /Users/yk/Desktop/Projects/E-commerce-fe/node_modules/hogan/node_modules/hogan.js/node_modules/nopt/node_modules/abbrev
507 silly gentlyRm /Users/yk/Desktop/Projects/E-commerce-fe/node_modules/hogan/node_modules/hogan.js/node_modules/nopt/node_modules/abbrev is being purged
508 verbose gentlyRm don't care about contents; nuking /Users/yk/Desktop/Projects/E-commerce-fe/node_modules/hogan/node_modules/hogan.js/node_modules/nopt/node_modules/abbrev
509 silly gunzTarPerm modes [ '755', '644' ]
510 silly gunzTarPerm extractEntry package.json
511 silly gunzTarPerm extractEntry abbrev.js
512 silly gunzTarPerm extractEntry LICENSE
513 silly gunzTarPerm extractEntry README.md
514 verbose write writing to /Users/yk/Desktop/Projects/E-commerce-fe/node_modules/hogan/node_modules/hogan.js/node_modules/nopt/node_modules/abbrev/package.json
515 info preinstall abbrev@1.1.1
516 verbose readDependencies loading dependencies from /Users/yk/Desktop/Projects/E-commerce-fe/node_modules/hogan/node_modules/hogan.js/node_modules/nopt/node_modules/abbrev/package.json
517 verbose readDependencies loading dependencies from /Users/yk/Desktop/Projects/E-commerce-fe/node_modules/hogan/node_modules/hogan.js/node_modules/nopt/node_modules/abbrev/package.json
518 silly install resolved []
519 verbose about to build /Users/yk/Desktop/Projects/E-commerce-fe/node_modules/hogan/node_modules/hogan.js/node_modules/nopt/node_modules/abbrev
520 info build /Users/yk/Desktop/Projects/E-commerce-fe/node_modules/hogan/node_modules/hogan.js/node_modules/nopt/node_modules/abbrev
521 info linkStuff abbrev@1.1.1
522 silly linkStuff abbrev@1.1.1 has /Users/yk/Desktop/Projects/E-commerce-fe/node_modules/hogan/node_modules/hogan.js/node_modules/nopt/node_modules as its parent node_modules
523 verbose linkBins abbrev@1.1.1
524 verbose linkMans abbrev@1.1.1
525 verbose rebuildBundles abbrev@1.1.1
526 info install abbrev@1.1.1
527 info postinstall abbrev@1.1.1
528 verbose unlock done using /Users/yk/.npm/_locks/abbrev-f9b2bf65ab14347a.lock for /Users/yk/Desktop/Projects/E-commerce-fe/node_modules/hogan/node_modules/hogan.js/node_modules/nopt/node_modules/abbrev
529 verbose about to build /Users/yk/Desktop/Projects/E-commerce-fe/node_modules/hogan/node_modules/hogan.js/node_modules/nopt
530 info build /Users/yk/Desktop/Projects/E-commerce-fe/node_modules/hogan/node_modules/hogan.js/node_modules/nopt
531 info linkStuff nopt@1.0.10
532 silly linkStuff nopt@1.0.10 has /Users/yk/Desktop/Projects/E-commerce-fe/node_modules/hogan/node_modules/hogan.js/node_modules as its parent node_modules
533 verbose linkBins nopt@1.0.10
534 verbose link bins [ { nopt: './bin/nopt.js' },
534 verbose link bins   '/Users/yk/Desktop/Projects/E-commerce-fe/node_modules/hogan/node_modules/hogan.js/node_modules/.bin',
534 verbose link bins   false ]
535 verbose linkMans nopt@1.0.10
536 verbose rebuildBundles nopt@1.0.10
537 verbose rebuildBundles [ 'abbrev' ]
538 silly gentlyRm /Users/yk/Desktop/Projects/E-commerce-fe/node_modules/hogan/node_modules/hogan.js/node_modules/.bin/nopt is being purged
539 verbose gentlyRm don't care about contents; nuking /Users/yk/Desktop/Projects/E-commerce-fe/node_modules/hogan/node_modules/hogan.js/node_modules/.bin/nopt
540 info install nopt@1.0.10
541 info postinstall nopt@1.0.10
542 verbose unlock done using /Users/yk/.npm/_locks/nopt-eadabb986d5e0579.lock for /Users/yk/Desktop/Projects/E-commerce-fe/node_modules/hogan/node_modules/hogan.js/node_modules/nopt
543 verbose about to build /Users/yk/Desktop/Projects/E-commerce-fe/node_modules/hogan/node_modules/hogan.js
544 info build /Users/yk/Desktop/Projects/E-commerce-fe/node_modules/hogan/node_modules/hogan.js
545 info linkStuff hogan.js@3.0.2
546 silly linkStuff hogan.js@3.0.2 has /Users/yk/Desktop/Projects/E-commerce-fe/node_modules/hogan/node_modules as its parent node_modules
547 verbose linkBins hogan.js@3.0.2
548 verbose link bins [ { hulk: './bin/hulk' },
548 verbose link bins   '/Users/yk/Desktop/Projects/E-commerce-fe/node_modules/hogan/node_modules/.bin',
548 verbose link bins   false ]
549 verbose linkMans hogan.js@3.0.2
550 verbose rebuildBundles hogan.js@3.0.2
551 verbose rebuildBundles [ '.bin', 'mkdirp', 'nopt' ]
552 silly gentlyRm /Users/yk/Desktop/Projects/E-commerce-fe/node_modules/hogan/node_modules/.bin/hulk is being purged
553 verbose gentlyRm don't care about contents; nuking /Users/yk/Desktop/Projects/E-commerce-fe/node_modules/hogan/node_modules/.bin/hulk
554 info install hogan.js@3.0.2
555 info postinstall hogan.js@3.0.2
556 verbose unlock done using /Users/yk/.npm/_locks/hogan-js-ceb50c4eb4e9eae4.lock for /Users/yk/Desktop/Projects/E-commerce-fe/node_modules/hogan/node_modules/hogan.js
557 verbose about to build /Users/yk/Desktop/Projects/E-commerce-fe/node_modules/hogan
558 info build /Users/yk/Desktop/Projects/E-commerce-fe/node_modules/hogan
559 info linkStuff hogan@1.0.2
560 silly linkStuff hogan@1.0.2 has /Users/yk/Desktop/Projects/E-commerce-fe/node_modules as its parent node_modules
561 verbose linkBins hogan@1.0.2
562 verbose linkMans hogan@1.0.2
563 verbose rebuildBundles hogan@1.0.2
564 verbose rebuildBundles [ '.bin', 'hogan.js' ]
565 info install hogan@1.0.2
566 info postinstall hogan@1.0.2
567 verbose unlock done using /Users/yk/.npm/_locks/hogan-1c927a3b63d25011.lock for /Users/yk/Desktop/Projects/E-commerce-fe/node_modules/hogan
568 verbose validateInstall loading /Users/yk/Desktop/Projects/E-commerce-fe/package.json for validation
569 verbose stack Error: The package webpack@1.15.0 does not satisfy its siblings' peerDependencies requirements!
569 verbose stack     at /usr/local/lib/node_modules/npm/lib/install.js:125:32
569 verbose stack     at /usr/local/lib/node_modules/npm/lib/install.js:268:7
569 verbose stack     at /usr/local/lib/node_modules/npm/node_modules/read-installed/read-installed.js:142:5
569 verbose stack     at /usr/local/lib/node_modules/npm/node_modules/read-installed/read-installed.js:263:14
569 verbose stack     at cb (/usr/local/lib/node_modules/npm/node_modules/slide/lib/async-map.js:47:24)
569 verbose stack     at /usr/local/lib/node_modules/npm/node_modules/read-installed/read-installed.js:263:14
569 verbose stack     at cb (/usr/local/lib/node_modules/npm/node_modules/slide/lib/async-map.js:47:24)
569 verbose stack     at /usr/local/lib/node_modules/npm/node_modules/read-installed/read-installed.js:263:14
569 verbose stack     at cb (/usr/local/lib/node_modules/npm/node_modules/slide/lib/async-map.js:47:24)
569 verbose stack     at /usr/local/lib/node_modules/npm/node_modules/read-installed/read-installed.js:263:14
570 verbose cwd /Users/yk/Desktop/Projects/E-commerce-fe
571 error Darwin 17.2.0
572 error argv "/usr/local/bin/node" "/usr/local/bin/npm" "install" "hogan" "--save"
573 error node v4.4.7
574 error npm  v2.15.8
575 error code EPEERINVALID
576 error peerinvalid The package webpack@1.15.0 does not satisfy its siblings' peerDependencies requirements!
576 error peerinvalid Peer extract-text-webpack-plugin@1.0.1 wants webpack@^1.9.11
576 error peerinvalid Peer file-loader@1.1.6 wants webpack@^2.0.0 || ^3.0.0
576 error peerinvalid Peer html-webpack-plugin@2.30.1 wants webpack@1 || ^2 || ^2.1.0-beta || ^2.2.0-rc || ^3
576 error peerinvalid Peer webpack-dev-server@1.16.5 wants webpack@>=1.3.0 <3
577 verbose exit [ 1, true ]
